[01:09:02] [ServerMain/INFO]: Environment: authHost='https://authserver.mojang.com', accountsHost='https://api.mojang.com', sessionHost='https://sessionserver.mojang.com', servicesHost='https://api.minecraftservices.com', name='PROD'
[01:09:03] [Worker-Main-1/INFO]: Loaded 7 recipes
[01:09:04] [Server thread/INFO]: Starting minecraft server version 1.18.2
[01:09:04] [Server thread/INFO]: Loading properties
[01:09:04] [Server thread/INFO]: This server is running Paper version git-Paper-344 (MC: 1.18.2) (Implementing API version 1.18.2-R0.1-SNAPSHOT) (Git: 31ccc57)
[01:09:04] [Server thread/INFO]: Server Ping Player Sample Count: 12
[01:09:04] [Server thread/INFO]: Using 4 threads for Netty based IO
[01:09:05] [Server thread/INFO]: Default game type: SURVIVAL
[01:09:05] [Server thread/INFO]: Generating keypair
[01:09:05] [Server thread/INFO]: Starting Minecraft server on *:25565
[01:09:05] [Server thread/INFO]: Using epoll channel type
[01:09:05] [Server thread/INFO]: Paper: Using libdeflate (Linux x86_64) compression from Velocity.
[01:09:05] [Server thread/INFO]: Paper: Using OpenSSL 1.1.x (Linux x86_64) cipher from Velocity.
[01:09:05] [Server thread/INFO]: [ServerTap] Loading ServerTap v0.2.0
[01:09:05] [Server thread/INFO]: Server permissions file permissions.yml is empty, ignoring it
[01:09:05] [Server thread/INFO]: [ServerTap] Enabling ServerTap v0.2.0
[01:09:05] [Server thread/WARN]: [ServerTap] TLS is not enabled.
[01:09:05] [Server thread/INFO]: [ServerTap] Enabling CORS for *
[01:09:05] [Server thread/WARN]: [io.javalin.Javalin] JDK15 and Kotlin 1.5 break reflection in different ways - the OpenAPI plugin will not work properly. Please visit https://github.com/tipsy/javalin/issues/1193 if you want to help fix this issue.
[01:09:05] [Server thread/INFO]: [org.eclipse.jetty.util.log] Logging initialized @7814ms to org.eclipse.jetty.util.log.Slf4jLog
[01:09:06] [Server thread/INFO]: [io.javalin.Javalin] Static file handler added: StaticFileConfig(hostedPath=/, directory=META-INF/resources/webjars, location=CLASSPATH, precompress=false, aliasCheck=null, headers={Cache-Control=max-age=31622400}, skipFileFunction=(javax.servlet.http.HttpServletRequest) -> kotlin.Boolean). File system location: 'jar:file:/home/damar/projects/socialisten/server/plugins/ServerTap-0.2.0.jar!/META-INF/resources/webjars'
[01:09:06] [Server thread/INFO]: [io.javalin.Javalin] Starting Javalin ...
[01:09:06] [Server thread/INFO]: [io.javalin.Javalin] You are running Javalin 4.1.1 (released October 10, 2021. Your Javalin version is 226 days old. Consider upgrading!).
[01:09:06] [Server thread/INFO]: [io.javalin.Javalin] Listening on http://localhost:4567/
[01:09:06] [Server thread/INFO]: [io.javalin.Javalin] Javalin started in 219ms \o/
[01:09:06] [Server thread/INFO]: Preparing level "world"
[01:09:07] [Server thread/INFO]: Preparing start region for dimension minecraft:overworld
[01:09:07] [Server thread/INFO]: Time elapsed: 286 ms
[01:09:07] [Server thread/INFO]: Preparing start region for dimension minecraft:the_nether
[01:09:07] [Server thread/INFO]: Time elapsed: 107 ms
[01:09:07] [Server thread/INFO]: Preparing start region for dimension minecraft:the_end
[01:09:07] [Server thread/INFO]: Time elapsed: 128 ms
[01:09:08] [Server thread/INFO]: Running delayed init tasks
[01:09:08] [Server thread/INFO]: Done (3.273s)! For help, type "help"
[01:09:08] [Server thread/INFO]: Timings Reset
[01:10:34] [Server thread/INFO]: Stopping server
[01:10:34] [Server thread/INFO]: [io.javalin.Javalin] Stopping Javalin ...
[01:10:34] [Server console handler/ERROR]: Caught previously unhandled exception :
java.io.IOError: java.io.IOException: Input/output error
	at org.jline.keymap.BindingReader.readCharacter(BindingReader.java:170) ~[jline-reader-3.20.0.jar:?]
	at org.jline.keymap.BindingReader.readBinding(BindingReader.java:110) ~[jline-reader-3.20.0.jar:?]
	at org.jline.keymap.BindingReader.readBinding(BindingReader.java:61) ~[jline-reader-3.20.0.jar:?]
	at org.jline.reader.impl.LineReaderImpl.doReadBinding(LineReaderImpl.java:923) ~[jline-reader-3.20.0.jar:?]
	at org.jline.reader.impl.LineReaderImpl.readBinding(LineReaderImpl.java:956) ~[jline-reader-3.20.0.jar:?]
	at org.jline.reader.impl.LineReaderImpl.readLine(LineReaderImpl.java:651) ~[jline-reader-3.20.0.jar:?]
	at org.jline.reader.impl.LineReaderImpl.readLine(LineReaderImpl.java:468) ~[jline-reader-3.20.0.jar:?]
	at net.minecrell.terminalconsole.SimpleTerminalConsole.readCommands(SimpleTerminalConsole.java:158) ~[terminalconsoleappender-1.3.0.jar:?]
	at net.minecrell.terminalconsole.SimpleTerminalConsole.start(SimpleTerminalConsole.java:141) ~[terminalconsoleappender-1.3.0.jar:?]
	at net.minecraft.server.dedicated.DedicatedServer$1.run(DedicatedServer.java:114) ~[paper-1.18.2.jar:git-Paper-344]
Caused by: java.io.IOException: Input/output error
	at java.io.FileInputStream.read0(Native Method) ~[?:?]
	at java.io.FileInputStream.read(FileInputStream.java:228) ~[?:?]
	at org.jline.terminal.impl.AbstractPty$PtyInputStream.read(AbstractPty.java:73) ~[jline-terminal-3.21.0.jar:?]
	at org.jline.utils.NonBlockingInputStream.read(NonBlockingInputStream.java:62) ~[jline-terminal-3.21.0.jar:?]
	at org.jline.utils.NonBlocking$NonBlockingInputStreamReader.read(NonBlocking.java:168) ~[jline-terminal-3.21.0.jar:?]
	at org.jline.utils.NonBlockingReader.read(NonBlockingReader.java:57) ~[jline-terminal-3.21.0.jar:?]
	at org.jline.keymap.BindingReader.readCharacter(BindingReader.java:160) ~[jline-reader-3.20.0.jar:?]
	... 9 more
[01:10:34] [Server thread/INFO]: [io.javalin.Javalin] Javalin has stopped
[01:10:34] [Server thread/INFO]: Saving players
[01:10:34] [Server thread/INFO]: Saving worlds
[01:10:34] [Server thread/INFO]: Saving chunks for level 'ServerLevel[world]'/minecraft:overworld
[01:10:36] [Server thread/INFO]: Saving chunks for level 'ServerLevel[world_nether]'/minecraft:the_nether
[01:10:36] [Server thread/INFO]: Saving chunks for level 'ServerLevel[world_the_end]'/minecraft:the_end
[01:10:36] [Server thread/INFO]: ThreadedAnvilChunkStorage (world): All chunks are saved
[01:10:36] [Server thread/INFO]: ThreadedAnvilChunkStorage (DIM-1): All chunks are saved
[01:10:36] [Server thread/INFO]: ThreadedAnvilChunkStorage (DIM1): All chunks are saved
[01:10:36] [Server thread/INFO]: ThreadedAnvilChunkStorage: All dimensions are saved
[01:10:36] [Server thread/INFO]: Flushing Chunk IO
[01:10:36] [Server thread/INFO]: Closing Thread Pool
[01:10:36] [Server thread/INFO]: Closing Server
